;;; 
Export: Release 11.2.0.2.0 - Production on 금 1월 26 14:27:25 2024

Copyright (c) 1982, 2009, Oracle and/or its affiliates.  All rights reserved.
;;; 
Connected to: Oracle Database 11g Express Edition Release 11.2.0.2.0 - 64bit Production
Starting "SCOTT"."SYS_EXPORT_SCHEMA_01":  scott/******** directory=mbackup dumpfile=backup0.2dmp 
Estimate in progress using BLOCKS method...
Processing object type SCHEMA_EXPORT/TABLE/TABLE_DATA
Total estimation using BLOCKS method: 768 KB
Processing object type SCHEMA_EXPORT/PRE_SCHEMA/PROCACT_SCHEMA
Processing object type SCHEMA_EXPORT/SEQUENCE/SEQUENCE
Processing object type SCHEMA_EXPORT/TABLE/TABLE
Processing object type SCHEMA_EXPORT/TABLE/INDEX/INDEX
Processing object type SCHEMA_EXPORT/TABLE/CONSTRAINT/CONSTRAINT
Processing object type SCHEMA_EXPORT/TABLE/INDEX/STATISTICS/INDEX_STATISTICS
Processing object type SCHEMA_EXPORT/TABLE/COMMENT
Processing object type SCHEMA_EXPORT/FUNCTION/FUNCTION
Processing object type SCHEMA_EXPORT/PROCEDURE/PROCEDURE
Processing object type SCHEMA_EXPORT/FUNCTION/ALTER_FUNCTION
Processing object type SCHEMA_EXPORT/PROCEDURE/ALTER_PROCEDURE
Processing object type SCHEMA_EXPORT/TABLE/CONSTRAINT/REF_CONSTRAINT
Processing object type SCHEMA_EXPORT/TABLE/STATISTICS/TABLE_STATISTICS
. . exported "SCOTT"."BOARD"                             12.02 KB      32 rows
. . exported "SCOTT"."COMMENTS"                          8.445 KB      10 rows
. . exported "SCOTT"."DISEASE"                           23.42 KB     533 rows
. . exported "SCOTT"."DISTRICT"                          6.718 KB      46 rows
. . exported "SCOTT"."INDEPENDENT_DATA"                  16.17 KB     170 rows
. . exported "SCOTT"."JOB_PUBLIC"                        8.695 KB       4 rows
. . exported "SCOTT"."JOB_SOCIAL"                        9.429 KB      13 rows
. . exported "SCOTT"."LIFE_EXPECTANCY"                   10.60 KB     238 rows
. . exported "SCOTT"."MEMBERS"                           7.523 KB       7 rows
. . exported "SCOTT"."REGION"                            5.773 KB      17 rows
. . exported "SCOTT"."SEOULJOB_MARKET"                   7.257 KB       6 rows
. . exported "SCOTT"."WELFARE"                           18.60 KB     114 rows
. . exported "SCOTT"."HEALTH_INFO"                           0 KB       0 rows
. . exported "SCOTT"."MAP_POLYGON"                           0 KB       0 rows
Master table "SCOTT"."SYS_EXPORT_SCHEMA_01" successfully loaded/unloaded
******************************************************************************
Dump file set for SCOTT.SYS_EXPORT_SCHEMA_01 is:
  C:\PROJECT_DB_BACKUP\BACKUP0.2DMP
Job "SCOTT"."SYS_EXPORT_SCHEMA_01" successfully completed at 14:27:34
